Tick [0]: Thread [87] is inserted into queue L[1]
Tick [10]: Thread [1] is inserted into queue L[1]
Tick [20]: Thread [2] is inserted into queue L[2]
Tick [30]: Thread [87] is removed from queue L[1]
Tick [30]: Thread [87] is now selected for execution
Tick [30]: Thread [0] is replaced, and it has executed [0] ticks
Tick [40]: Thread [1] is removed from queue L[1]
Tick [40]: Thread [1] is now selected for execution
Tick [40]: Thread [87] is replaced, and it has executed [0] ticks
Tick [1520]: Thread [2] changes its priority from [90] to [100]
Tick [1520]: Thread [2] is removed from queue L2
Tick [1520]: Thread [2] is inserted into queue L1
Tick [3020]: Thread [2] changes its priority from [100] to [110]
Tick [4520]: Thread [2] changes its priority from [110] to [120]
Tick [6020]: Thread [2] changes its priority from [120] to [130]
Tick [7520]: Thread [2] changes its priority from [130] to [140]
Tick [9020]: Thread [2] changes its priority from [140] to [149]
Tick [10520]: Thread [2] changes its priority from [149] to [149]
Tick [12020]: Thread [2] changes its priority from [149] to [149]
Tick [13520]: Thread [2] changes its priority from [149] to [149]
Tick [15020]: Thread [2] changes its priority from [149] to [149]
Tick [16520]: Thread [2] changes its priority from [149] to [149]
Tick [18020]: Thread [2] changes its priority from [149] to [149]
Tick [19520]: Thread [2] changes its priority from [149] to [149]
Tick [21020]: Thread [2] changes its priority from [149] to [149]
Tick [22520]: Thread [2] changes its priority from [149] to [149]
Tick [24020]: Thread [2] changes its priority from [149] to [149]
Tick [25520]: Thread [2] changes its priority from [149] to [149]
Tick [27020]: Thread [2] changes its priority from [149] to [149]
Tick [28520]: Thread [2] changes its priority from [149] to [149]
Tick [30020]: Thread [2] changes its priority from [149] to [149]
Tick [31520]: Thread [2] changes its priority from [149] to [149]
Tick [33020]: Thread [2] changes its priority from [149] to [149]
Tick [34520]: Thread [2] changes its priority from [149] to [149]
Tick [36020]: Thread [2] changes its priority from [149] to [149]
Tick [37520]: Thread [2] changes its priority from [149] to [149]
Tick [39020]: Thread [2] changes its priority from [149] to [149]
Tick [40520]: Thread [2] changes its priority from [149] to [149]
Tick [42020]: Thread [2] changes its priority from [149] to [149]
Tick [43520]: Thread [2] changes its priority from [149] to [149]
Tick [45020]: Thread [2] changes its priority from [149] to [149]
Tick [46520]: Thread [2] changes its priority from [149] to [149]
Tick [48020]: Thread [2] changes its priority from [149] to [149]
Tick [49520]: Thread [2] changes its priority from [149] to [149]
Tick [51020]: Thread [2] changes its priority from [149] to [149]
Tick [52520]: Thread [2] changes its priority from [149] to [149]
Tick [54020]: Thread [2] changes its priority from [149] to [149]
Tick [55520]: Thread [2] changes its priority from [149] to [149]
Tick [57020]: Thread [2] changes its priority from [149] to [149]
Tick [58520]: Thread [2] changes its priority from [149] to [149]
Tick [60020]: Thread [2] changes its priority from [149] to [149]
Tick [61520]: Thread [2] changes its priority from [149] to [149]
Tick [63020]: Thread [2] changes its priority from [149] to [149]
Tick [64520]: Thread [2] changes its priority from [149] to [149]
Tick [66020]: Thread [2] changes its priority from [149] to [149]
Tick [67520]: Thread [2] changes its priority from [149] to [149]
Tick [69020]: Thread [2] changes its priority from [149] to [149]
Tick [70520]: Thread [2] changes its priority from [149] to [149]
Tick [72020]: Thread [2] changes its priority from [149] to [149]
Tick [73520]: Thread [2] changes its priority from [149] to [149]
Tick [75020]: Thread [2] changes its priority from [149] to [149]
Tick [76520]: Thread [2] changes its priority from [149] to [149]
Tick [78020]: Thread [2] changes its priority from [149] to [149]
Tick [79520]: Thread [2] changes its priority from [149] to [149]
Tick [81020]: Thread [2] changes its priority from [149] to [149]
Tick [82520]: Thread [2] changes its priority from [149] to [149]
Tick [84020]: Thread [2] changes its priority from [149] to [149]
Tick [85520]: Thread [2] changes its priority from [149] to [149]
Tick [87020]: Thread [2] changes its priority from [149] to [149]
Tick [88520]: Thread [2] changes its priority from [149] to [149]
Tick [90020]: Thread [2] changes its priority from [149] to [149]
Tick [91520]: Thread [2] changes its priority from [149] to [149]
Tick [93020]: Thread [2] changes its priority from [149] to [149]
Tick [94520]: Thread [2] changes its priority from [149] to [149]
Tick [96020]: Thread [2] changes its priority from [149] to [149]
Tick [97520]: Thread [2] changes its priority from [149] to [149]
Tick [99020]: Thread [2] changes its priority from [149] to [149]
return value:0
Tick [100070]: Thread [2] is removed from queue L[1]
Tick [100070]: Thread [2] is now selected for execution
Tick [100070]: Thread [1] is replaced, and it has executed [100020] ticks
return value:0
